2024-12-10 22:59:38,662 - POCTrackGeneratorLogger - DEBUG - Camera FPS: 30.0, Frame Size: 640x480
2024-12-10 22:59:38,663 - POCTrackGeneratorLogger - DEBUG - Initialized processing_queue and batch_queue for real-time visualization.
2024-12-10 22:59:38,706 - POCTrackGeneratorLogger - INFO - Using GPU for processing
2024-12-10 22:59:40,764 - POCTrackGeneratorLogger - DEBUG - Display thread started.
2024-12-10 22:59:40,799 - POCTrackGeneratorLogger - DEBUG - Display window 'Annotated Video' created and resized.
2024-12-10 22:59:41,163 - POCTrackGeneratorLogger - INFO - Audio stream opened.
2024-12-10 22:59:41,168 - POCTrackGeneratorLogger - DEBUG - Processing thread started.
2024-12-10 22:59:42,691 - POCTrackGeneratorLogger - DEBUG - Detected 3 faces in current frame.
2024-12-10 22:59:42,711 - POCTrackGeneratorLogger - DEBUG - Detected 3 faces in current frame.
2024-12-10 22:59:42,732 - POCTrackGeneratorLogger - DEBUG - Detected 3 faces in current frame.
2024-12-10 22:59:42,755 - POCTrackGeneratorLogger - DEBUG - Detected 3 faces in current frame.
2024-12-10 22:59:42,777 - POCTrackGeneratorLogger - DEBUG - Detected 3 faces in current frame.
2024-12-10 22:59:42,800 - POCTrackGeneratorLogger - DEBUG - Detected 3 faces in current frame.
2024-12-10 22:59:42,823 - POCTrackGeneratorLogger - DEBUG - Detected 3 faces in current frame.
2024-12-10 22:59:42,842 - POCTrackGeneratorLogger - DEBUG - Detected 3 faces in current frame.
2024-12-10 22:59:42,863 - POCTrackGeneratorLogger - DEBUG - Detected 3 faces in current frame.
2024-12-10 22:59:42,886 - POCTrackGeneratorLogger - DEBUG - Detected 3 faces in current frame.
2024-12-10 22:59:42,908 - POCTrackGeneratorLogger - DEBUG - Detected 3 faces in current frame.
2024-12-10 22:59:42,930 - POCTrackGeneratorLogger - DEBUG - Detected 3 faces in current frame.
2024-12-10 22:59:42,951 - POCTrackGeneratorLogger - DEBUG - Detected 3 faces in current frame.
2024-12-10 22:59:42,974 - POCTrackGeneratorLogger - DEBUG - Detected 3 faces in current frame.
2024-12-10 22:59:42,998 - POCTrackGeneratorLogger - DEBUG - Detected 3 faces in current frame.
2024-12-10 22:59:43,021 - POCTrackGeneratorLogger - DEBUG - Detected 3 faces in current frame.
2024-12-10 22:59:43,046 - POCTrackGeneratorLogger - DEBUG - Detected 3 faces in current frame.
2024-12-10 22:59:43,069 - POCTrackGeneratorLogger - DEBUG - Detected 3 faces in current frame.
2024-12-10 22:59:43,093 - POCTrackGeneratorLogger - DEBUG - Detected 3 faces in current frame.
2024-12-10 22:59:43,116 - POCTrackGeneratorLogger - DEBUG - Detected 3 faces in current frame.
2024-12-10 22:59:43,140 - POCTrackGeneratorLogger - DEBUG - Detected 3 faces in current frame.
2024-12-10 22:59:43,167 - POCTrackGeneratorLogger - DEBUG - Detected 3 faces in current frame.
2024-12-10 22:59:43,192 - POCTrackGeneratorLogger - DEBUG - Detected 3 faces in current frame.
2024-12-10 22:59:43,214 - POCTrackGeneratorLogger - DEBUG - Detected 3 faces in current frame.
2024-12-10 22:59:43,234 - POCTrackGeneratorLogger - DEBUG - Detected 3 faces in current frame.
2024-12-10 22:59:43,256 - POCTrackGeneratorLogger - DEBUG - Detected 3 faces in current frame.
2024-12-10 22:59:43,280 - POCTrackGeneratorLogger - DEBUG - Detected 3 faces in current frame.
2024-12-10 22:59:43,302 - POCTrackGeneratorLogger - DEBUG - Detected 3 faces in current frame.
2024-12-10 22:59:43,324 - POCTrackGeneratorLogger - DEBUG - Detected 3 faces in current frame.
2024-12-10 22:59:43,348 - POCTrackGeneratorLogger - DEBUG - Detected 3 faces in current frame.
2024-12-10 22:59:43,351 - POCTrackGeneratorLogger - DEBUG - Applied median filter to bounding boxes.
2024-12-10 22:59:43,351 - POCTrackGeneratorLogger - DEBUG - Applied median filter to bounding boxes.
2024-12-10 22:59:43,352 - POCTrackGeneratorLogger - DEBUG - Applied median filter to bounding boxes.
2024-12-10 22:59:43,369 - POCTrackGeneratorLogger - DEBUG - Saved audio segment for Track 2 to output/9DecCUBS18/track_2_subtrack_1/audio.wav.
2024-12-10 22:59:43,375 - POCTrackGeneratorLogger - DEBUG - Saved audio segment for Track 1 to output/9DecCUBS18/track_1_subtrack_1/audio.wav.
2024-12-10 22:59:43,376 - POCTrackGeneratorLogger - DEBUG - Saved audio segment for Track 3 to output/9DecCUBS18/track_3_subtrack_1/audio.wav.
2024-12-10 22:59:43,414 - POCTrackGeneratorLogger - DEBUG - Frames directory: output/9DecCUBS18/temp_track_2_1/cropped_frames
2024-12-10 22:59:43,416 - POCTrackGeneratorLogger - DEBUG - Frames directory: output/9DecCUBS18/temp_track_3_1/cropped_frames
2024-12-10 22:59:43,433 - POCTrackGeneratorLogger - DEBUG - Frames directory: output/9DecCUBS18/temp_track_1_1/cropped_frames
2024-12-10 22:59:43,790 - POCTrackGeneratorLogger - DEBUG - Number of confidence scores returned: 30
2024-12-10 22:59:43,790 - POCTrackGeneratorLogger - INFO - Time taken to run one batch of TalkNet evaluation: 0.421 seconds (420.570 milliseconds)
2024-12-10 22:59:43,796 - POCTrackGeneratorLogger - DEBUG - Number of confidence scores returned: 30
2024-12-10 22:59:43,796 - POCTrackGeneratorLogger - INFO - Time taken to run one batch of TalkNet evaluation: 0.421 seconds (421.269 milliseconds)
2024-12-10 22:59:43,798 - POCTrackGeneratorLogger - DEBUG - Number of confidence scores returned: 30
2024-12-10 22:59:43,798 - POCTrackGeneratorLogger - INFO - Time taken to run one batch of TalkNet evaluation: 0.422 seconds (421.974 milliseconds)
2024-12-10 22:59:43,801 - POCTrackGeneratorLogger - DEBUG - Annotated and saved frame 1.
2024-12-10 22:59:43,803 - POCTrackGeneratorLogger - DEBUG - Annotated and saved frame 2.
2024-12-10 22:59:43,805 - POCTrackGeneratorLogger - DEBUG - Annotated and saved frame 3.
2024-12-10 22:59:43,809 - POCTrackGeneratorLogger - DEBUG - Annotated and saved frame 4.
2024-12-10 22:59:43,812 - POCTrackGeneratorLogger - DEBUG - Annotated and saved frame 5.
2024-12-10 22:59:43,814 - POCTrackGeneratorLogger - DEBUG - Annotated and saved frame 6.
2024-12-10 22:59:43,816 - POCTrackGeneratorLogger - DEBUG - Annotated and saved frame 7.
2024-12-10 22:59:43,819 - POCTrackGeneratorLogger - DEBUG - Annotated and saved frame 8.
2024-12-10 22:59:43,821 - POCTrackGeneratorLogger - DEBUG - Annotated and saved frame 9.
2024-12-10 22:59:43,824 - POCTrackGeneratorLogger - DEBUG - Annotated and saved frame 10.
2024-12-10 22:59:43,826 - POCTrackGeneratorLogger - DEBUG - Annotated and saved frame 11.
2024-12-10 22:59:43,829 - POCTrackGeneratorLogger - DEBUG - Annotated and saved frame 12.
2024-12-10 22:59:43,831 - POCTrackGeneratorLogger - DEBUG - Annotated and saved frame 13.
2024-12-10 22:59:43,833 - POCTrackGeneratorLogger - DEBUG - Annotated and saved frame 14.
2024-12-10 22:59:43,837 - POCTrackGeneratorLogger - DEBUG - Annotated and saved frame 15.
2024-12-10 22:59:43,841 - POCTrackGeneratorLogger - DEBUG - Annotated and saved frame 16.
2024-12-10 22:59:43,845 - POCTrackGeneratorLogger - DEBUG - Annotated and saved frame 17.
2024-12-10 22:59:43,848 - POCTrackGeneratorLogger - DEBUG - Annotated and saved frame 18.
2024-12-10 22:59:43,850 - POCTrackGeneratorLogger - DEBUG - Annotated and saved frame 19.
2024-12-10 22:59:43,853 - POCTrackGeneratorLogger - DEBUG - Annotated and saved frame 20.
2024-12-10 22:59:43,855 - POCTrackGeneratorLogger - DEBUG - Annotated and saved frame 21.
2024-12-10 22:59:43,858 - POCTrackGeneratorLogger - DEBUG - Annotated and saved frame 22.
2024-12-10 22:59:43,860 - POCTrackGeneratorLogger - DEBUG - Annotated and saved frame 23.
2024-12-10 22:59:43,863 - POCTrackGeneratorLogger - DEBUG - Annotated and saved frame 24.
2024-12-10 22:59:43,865 - POCTrackGeneratorLogger - DEBUG - Annotated and saved frame 25.
2024-12-10 22:59:43,868 - POCTrackGeneratorLogger - DEBUG - Annotated and saved frame 26.
2024-12-10 22:59:43,870 - POCTrackGeneratorLogger - DEBUG - Annotated and saved frame 27.
2024-12-10 22:59:43,873 - POCTrackGeneratorLogger - DEBUG - Annotated and saved frame 28.
2024-12-10 22:59:43,876 - POCTrackGeneratorLogger - DEBUG - Annotated and saved frame 29.
2024-12-10 22:59:43,878 - POCTrackGeneratorLogger - DEBUG - Annotated and saved frame 30.
2024-12-10 22:59:43,878 - POCTrackGeneratorLogger - DEBUG - Enqueued a batch of 30 frames.
2024-12-10 22:59:43,878 - POCTrackGeneratorLogger - DEBUG - Display thread received a batch of 30 frames.
2024-12-10 22:59:43,901 - POCTrackGeneratorLogger - DEBUG - Detected 3 faces in current frame.
2024-12-10 22:59:43,924 - POCTrackGeneratorLogger - DEBUG - Detected 3 faces in current frame.
2024-12-10 22:59:43,949 - POCTrackGeneratorLogger - DEBUG - Detected 3 faces in current frame.
2024-12-10 22:59:43,972 - POCTrackGeneratorLogger - DEBUG - Detected 3 faces in current frame.
2024-12-10 22:59:43,995 - POCTrackGeneratorLogger - DEBUG - Detected 3 faces in current frame.
2024-12-10 22:59:44,017 - POCTrackGeneratorLogger - DEBUG - Detected 3 faces in current frame.
2024-12-10 22:59:44,041 - POCTrackGeneratorLogger - DEBUG - Detected 3 faces in current frame.
2024-12-10 22:59:44,067 - POCTrackGeneratorLogger - DEBUG - Detected 2 faces in current frame.
2024-12-10 22:59:44,090 - POCTrackGeneratorLogger - DEBUG - Detected 2 faces in current frame.
2024-12-10 22:59:44,113 - POCTrackGeneratorLogger - DEBUG - Detected 2 faces in current frame.
2024-12-10 22:59:44,142 - POCTrackGeneratorLogger - DEBUG - Detected 2 faces in current frame.
2024-12-10 22:59:44,169 - POCTrackGeneratorLogger - DEBUG - Detected 2 faces in current frame.
2024-12-10 22:59:44,192 - POCTrackGeneratorLogger - DEBUG - Detected 2 faces in current frame.
2024-12-10 22:59:44,215 - POCTrackGeneratorLogger - DEBUG - Detected 2 faces in current frame.
2024-12-10 22:59:44,235 - POCTrackGeneratorLogger - DEBUG - Detected 2 faces in current frame.
2024-12-10 22:59:44,258 - POCTrackGeneratorLogger - DEBUG - Detected 2 faces in current frame.
2024-12-10 22:59:44,281 - POCTrackGeneratorLogger - DEBUG - Detected 2 faces in current frame.
2024-12-10 22:59:44,301 - POCTrackGeneratorLogger - DEBUG - Detected 2 faces in current frame.
2024-12-10 22:59:44,325 - POCTrackGeneratorLogger - DEBUG - Detected 2 faces in current frame.
2024-12-10 22:59:44,351 - POCTrackGeneratorLogger - DEBUG - Detected 2 faces in current frame.
2024-12-10 22:59:44,374 - POCTrackGeneratorLogger - DEBUG - Detected 2 faces in current frame.
2024-12-10 22:59:44,397 - POCTrackGeneratorLogger - DEBUG - Detected 2 faces in current frame.
2024-12-10 22:59:44,418 - POCTrackGeneratorLogger - DEBUG - Detected 2 faces in current frame.
2024-12-10 22:59:44,437 - POCTrackGeneratorLogger - DEBUG - Detected 2 faces in current frame.
2024-12-10 22:59:44,458 - POCTrackGeneratorLogger - DEBUG - Detected 3 faces in current frame.
2024-12-10 22:59:44,479 - POCTrackGeneratorLogger - DEBUG - Detected 3 faces in current frame.
2024-12-10 22:59:44,500 - POCTrackGeneratorLogger - DEBUG - Detected 3 faces in current frame.
2024-12-10 22:59:44,522 - POCTrackGeneratorLogger - DEBUG - Detected 3 faces in current frame.
2024-12-10 22:59:44,545 - POCTrackGeneratorLogger - DEBUG - Detected 3 faces in current frame.
2024-12-10 22:59:44,567 - POCTrackGeneratorLogger - DEBUG - Detected 3 faces in current frame.
2024-12-10 22:59:44,569 - POCTrackGeneratorLogger - DEBUG - Applied median filter to bounding boxes.
2024-12-10 22:59:44,569 - POCTrackGeneratorLogger - DEBUG - Applied median filter to bounding boxes.
2024-12-10 22:59:44,575 - POCTrackGeneratorLogger - DEBUG - Saved audio segment for Track 1 to output/9DecCUBS18/track_1_subtrack_2/audio.wav.
2024-12-10 22:59:44,581 - POCTrackGeneratorLogger - DEBUG - Completed displaying a batch of frames.
2024-12-10 22:59:44,586 - POCTrackGeneratorLogger - DEBUG - Saved audio segment for Track 3 to output/9DecCUBS18/track_3_subtrack_2/audio.wav.
2024-12-10 22:59:44,606 - POCTrackGeneratorLogger - DEBUG - Frames directory: output/9DecCUBS18/temp_track_1_2/cropped_frames
2024-12-10 22:59:44,623 - POCTrackGeneratorLogger - DEBUG - Frames directory: output/9DecCUBS18/temp_track_3_2/cropped_frames
2024-12-10 22:59:44,892 - POCTrackGeneratorLogger - DEBUG - Number of confidence scores returned: 30
2024-12-10 22:59:44,892 - POCTrackGeneratorLogger - INFO - Time taken to run one batch of TalkNet evaluation: 0.317 seconds (316.901 milliseconds)
2024-12-10 22:59:44,895 - POCTrackGeneratorLogger - DEBUG - Number of confidence scores returned: 30
2024-12-10 22:59:44,895 - POCTrackGeneratorLogger - INFO - Time taken to run one batch of TalkNet evaluation: 0.308 seconds (308.377 milliseconds)
2024-12-10 22:59:44,897 - POCTrackGeneratorLogger - DEBUG - Annotated and saved frame 31.
2024-12-10 22:59:44,899 - POCTrackGeneratorLogger - DEBUG - Annotated and saved frame 32.
2024-12-10 22:59:44,902 - POCTrackGeneratorLogger - DEBUG - Annotated and saved frame 33.
2024-12-10 22:59:44,904 - POCTrackGeneratorLogger - DEBUG - Annotated and saved frame 34.
2024-12-10 22:59:44,906 - POCTrackGeneratorLogger - DEBUG - Annotated and saved frame 35.
2024-12-10 22:59:44,909 - POCTrackGeneratorLogger - DEBUG - Annotated and saved frame 36.
2024-12-10 22:59:44,912 - POCTrackGeneratorLogger - DEBUG - Annotated and saved frame 37.
2024-12-10 22:59:44,914 - POCTrackGeneratorLogger - DEBUG - Annotated and saved frame 38.
2024-12-10 22:59:44,916 - POCTrackGeneratorLogger - DEBUG - Annotated and saved frame 39.
2024-12-10 22:59:44,918 - POCTrackGeneratorLogger - DEBUG - Annotated and saved frame 40.
2024-12-10 22:59:44,920 - POCTrackGeneratorLogger - DEBUG - Annotated and saved frame 41.
2024-12-10 22:59:44,923 - POCTrackGeneratorLogger - DEBUG - Annotated and saved frame 42.
2024-12-10 22:59:44,925 - POCTrackGeneratorLogger - DEBUG - Annotated and saved frame 43.
2024-12-10 22:59:44,927 - POCTrackGeneratorLogger - DEBUG - Annotated and saved frame 44.
2024-12-10 22:59:44,929 - POCTrackGeneratorLogger - DEBUG - Annotated and saved frame 45.
2024-12-10 22:59:44,932 - POCTrackGeneratorLogger - DEBUG - Annotated and saved frame 46.
2024-12-10 22:59:44,934 - POCTrackGeneratorLogger - DEBUG - Annotated and saved frame 47.
2024-12-10 22:59:44,936 - POCTrackGeneratorLogger - DEBUG - Annotated and saved frame 48.
2024-12-10 22:59:44,938 - POCTrackGeneratorLogger - DEBUG - Annotated and saved frame 49.
2024-12-10 22:59:44,940 - POCTrackGeneratorLogger - DEBUG - Annotated and saved frame 50.
2024-12-10 22:59:44,943 - POCTrackGeneratorLogger - DEBUG - Annotated and saved frame 51.
2024-12-10 22:59:44,945 - POCTrackGeneratorLogger - DEBUG - Annotated and saved frame 52.
2024-12-10 22:59:44,948 - POCTrackGeneratorLogger - DEBUG - Annotated and saved frame 53.
2024-12-10 22:59:44,950 - POCTrackGeneratorLogger - DEBUG - Annotated and saved frame 54.
2024-12-10 22:59:44,952 - POCTrackGeneratorLogger - DEBUG - Annotated and saved frame 55.
2024-12-10 22:59:44,954 - POCTrackGeneratorLogger - DEBUG - Annotated and saved frame 56.
2024-12-10 22:59:44,956 - POCTrackGeneratorLogger - DEBUG - Annotated and saved frame 57.
2024-12-10 22:59:44,959 - POCTrackGeneratorLogger - DEBUG - Annotated and saved frame 58.
2024-12-10 22:59:44,961 - POCTrackGeneratorLogger - DEBUG - Annotated and saved frame 59.
2024-12-10 22:59:44,963 - POCTrackGeneratorLogger - DEBUG - Annotated and saved frame 60.
2024-12-10 22:59:44,963 - POCTrackGeneratorLogger - DEBUG - Enqueued a batch of 30 frames.
2024-12-10 22:59:44,963 - POCTrackGeneratorLogger - DEBUG - Display thread received a batch of 30 frames.
2024-12-10 22:59:44,984 - POCTrackGeneratorLogger - DEBUG - Detected 2 faces in current frame.
2024-12-10 22:59:45,006 - POCTrackGeneratorLogger - DEBUG - Detected 2 faces in current frame.
2024-12-10 22:59:45,029 - POCTrackGeneratorLogger - DEBUG - Detected 2 faces in current frame.
2024-12-10 22:59:45,050 - POCTrackGeneratorLogger - DEBUG - Detected 2 faces in current frame.
2024-12-10 22:59:45,073 - POCTrackGeneratorLogger - DEBUG - Detected 2 faces in current frame.
2024-12-10 22:59:45,096 - POCTrackGeneratorLogger - DEBUG - Detected 2 faces in current frame.
2024-12-10 22:59:45,121 - POCTrackGeneratorLogger - DEBUG - Detected 2 faces in current frame.
2024-12-10 22:59:45,142 - POCTrackGeneratorLogger - DEBUG - Detected 2 faces in current frame.
2024-12-10 22:59:45,165 - POCTrackGeneratorLogger - DEBUG - Detected 2 faces in current frame.
2024-12-10 22:59:45,187 - POCTrackGeneratorLogger - DEBUG - Detected 2 faces in current frame.
2024-12-10 22:59:45,207 - POCTrackGeneratorLogger - DEBUG - Detected 2 faces in current frame.
2024-12-10 22:59:45,227 - POCTrackGeneratorLogger - DEBUG - Detected 2 faces in current frame.
2024-12-10 22:59:45,249 - POCTrackGeneratorLogger - DEBUG - Detected 2 faces in current frame.
2024-12-10 22:59:45,270 - POCTrackGeneratorLogger - DEBUG - Detected 2 faces in current frame.
2024-12-10 22:59:45,289 - POCTrackGeneratorLogger - DEBUG - Detected 2 faces in current frame.
2024-12-10 22:59:45,310 - POCTrackGeneratorLogger - DEBUG - Detected 2 faces in current frame.
2024-12-10 22:59:45,331 - POCTrackGeneratorLogger - DEBUG - Detected 2 faces in current frame.
2024-12-10 22:59:45,352 - POCTrackGeneratorLogger - DEBUG - Detected 2 faces in current frame.
2024-12-10 22:59:45,373 - POCTrackGeneratorLogger - DEBUG - Detected 2 faces in current frame.
2024-12-10 22:59:45,396 - POCTrackGeneratorLogger - DEBUG - Detected 2 faces in current frame.
2024-12-10 22:59:45,416 - POCTrackGeneratorLogger - DEBUG - Detected 2 faces in current frame.
2024-12-10 22:59:45,437 - POCTrackGeneratorLogger - DEBUG - Detected 2 faces in current frame.
2024-12-10 22:59:45,457 - POCTrackGeneratorLogger - DEBUG - Detected 1 faces in current frame.
2024-12-10 22:59:45,475 - POCTrackGeneratorLogger - DEBUG - Detected 1 faces in current frame.
2024-12-10 22:59:45,493 - POCTrackGeneratorLogger - DEBUG - Detected 1 faces in current frame.
2024-12-10 22:59:45,512 - POCTrackGeneratorLogger - DEBUG - Detected 2 faces in current frame.
2024-12-10 22:59:45,535 - POCTrackGeneratorLogger - DEBUG - Detected 1 faces in current frame.
2024-12-10 22:59:45,554 - POCTrackGeneratorLogger - DEBUG - Detected 1 faces in current frame.
2024-12-10 22:59:45,576 - POCTrackGeneratorLogger - DEBUG - Detected 1 faces in current frame.
2024-12-10 22:59:45,597 - POCTrackGeneratorLogger - DEBUG - Detected 1 faces in current frame.
2024-12-10 22:59:45,598 - POCTrackGeneratorLogger - DEBUG - Applied median filter to bounding boxes.
2024-12-10 22:59:45,604 - POCTrackGeneratorLogger - DEBUG - Saved audio segment for Track 1 to output/9DecCUBS18/track_1_subtrack_3/audio.wav.
2024-12-10 22:59:45,636 - POCTrackGeneratorLogger - DEBUG - Frames directory: output/9DecCUBS18/temp_track_1_3/cropped_frames
2024-12-10 22:59:45,655 - POCTrackGeneratorLogger - DEBUG - Completed displaying a batch of frames.
2024-12-10 22:59:45,847 - POCTrackGeneratorLogger - DEBUG - Number of confidence scores returned: 30
2024-12-10 22:59:45,848 - POCTrackGeneratorLogger - INFO - Time taken to run one batch of TalkNet evaluation: 0.243 seconds (243.455 milliseconds)
2024-12-10 22:59:45,851 - POCTrackGeneratorLogger - DEBUG - Annotated and saved frame 61.
2024-12-10 22:59:45,853 - POCTrackGeneratorLogger - DEBUG - Annotated and saved frame 62.
2024-12-10 22:59:45,856 - POCTrackGeneratorLogger - DEBUG - Annotated and saved frame 63.
2024-12-10 22:59:45,858 - POCTrackGeneratorLogger - DEBUG - Annotated and saved frame 64.
2024-12-10 22:59:45,860 - POCTrackGeneratorLogger - DEBUG - Annotated and saved frame 65.
2024-12-10 22:59:45,862 - POCTrackGeneratorLogger - DEBUG - Annotated and saved frame 66.
2024-12-10 22:59:45,864 - POCTrackGeneratorLogger - DEBUG - Annotated and saved frame 67.
2024-12-10 22:59:45,866 - POCTrackGeneratorLogger - DEBUG - Annotated and saved frame 68.
2024-12-10 22:59:45,868 - POCTrackGeneratorLogger - DEBUG - Annotated and saved frame 69.
2024-12-10 22:59:45,871 - POCTrackGeneratorLogger - DEBUG - Annotated and saved frame 70.
2024-12-10 22:59:45,873 - POCTrackGeneratorLogger - DEBUG - Annotated and saved frame 71.
2024-12-10 22:59:45,875 - POCTrackGeneratorLogger - DEBUG - Annotated and saved frame 72.
2024-12-10 22:59:45,879 - POCTrackGeneratorLogger - DEBUG - Annotated and saved frame 73.
2024-12-10 22:59:45,881 - POCTrackGeneratorLogger - DEBUG - Annotated and saved frame 74.
2024-12-10 22:59:45,883 - POCTrackGeneratorLogger - DEBUG - Annotated and saved frame 75.
2024-12-10 22:59:45,885 - POCTrackGeneratorLogger - DEBUG - Annotated and saved frame 76.
2024-12-10 22:59:45,887 - POCTrackGeneratorLogger - DEBUG - Annotated and saved frame 77.
2024-12-10 22:59:45,890 - POCTrackGeneratorLogger - DEBUG - Annotated and saved frame 78.
2024-12-10 22:59:45,893 - POCTrackGeneratorLogger - DEBUG - Annotated and saved frame 79.
2024-12-10 22:59:45,896 - POCTrackGeneratorLogger - DEBUG - Annotated and saved frame 80.
2024-12-10 22:59:45,898 - POCTrackGeneratorLogger - DEBUG - Annotated and saved frame 81.
2024-12-10 22:59:45,900 - POCTrackGeneratorLogger - DEBUG - Annotated and saved frame 82.
2024-12-10 22:59:45,902 - POCTrackGeneratorLogger - DEBUG - Annotated and saved frame 83.
2024-12-10 22:59:45,904 - POCTrackGeneratorLogger - DEBUG - Annotated and saved frame 84.
2024-12-10 22:59:45,906 - POCTrackGeneratorLogger - DEBUG - Annotated and saved frame 85.
2024-12-10 22:59:45,909 - POCTrackGeneratorLogger - DEBUG - Annotated and saved frame 86.
2024-12-10 22:59:45,911 - POCTrackGeneratorLogger - DEBUG - Annotated and saved frame 87.
2024-12-10 22:59:45,914 - POCTrackGeneratorLogger - DEBUG - Annotated and saved frame 88.
2024-12-10 22:59:45,916 - POCTrackGeneratorLogger - DEBUG - Annotated and saved frame 89.
2024-12-10 22:59:45,918 - POCTrackGeneratorLogger - DEBUG - Annotated and saved frame 90.
2024-12-10 22:59:45,918 - POCTrackGeneratorLogger - DEBUG - Enqueued a batch of 30 frames.
2024-12-10 22:59:45,918 - POCTrackGeneratorLogger - DEBUG - Display thread received a batch of 30 frames.
2024-12-10 22:59:45,943 - POCTrackGeneratorLogger - DEBUG - Detected 1 faces in current frame.
2024-12-10 22:59:45,975 - POCTrackGeneratorLogger - DEBUG - Detected 1 faces in current frame.
2024-12-10 22:59:46,002 - POCTrackGeneratorLogger - DEBUG - Detected 1 faces in current frame.
2024-12-10 22:59:46,025 - POCTrackGeneratorLogger - DEBUG - Detected 1 faces in current frame.
2024-12-10 22:59:46,049 - POCTrackGeneratorLogger - DEBUG - Detected 1 faces in current frame.
2024-12-10 22:59:46,075 - POCTrackGeneratorLogger - DEBUG - Detected 2 faces in current frame.
2024-12-10 22:59:46,099 - POCTrackGeneratorLogger - DEBUG - Detected 3 faces in current frame.
2024-12-10 22:59:46,122 - POCTrackGeneratorLogger - DEBUG - Detected 3 faces in current frame.
2024-12-10 22:59:46,144 - POCTrackGeneratorLogger - DEBUG - Detected 3 faces in current frame.
2024-12-10 22:59:46,169 - POCTrackGeneratorLogger - DEBUG - Detected 3 faces in current frame.
2024-12-10 22:59:46,195 - POCTrackGeneratorLogger - DEBUG - Detected 3 faces in current frame.
2024-12-10 22:59:46,219 - POCTrackGeneratorLogger - DEBUG - Detected 3 faces in current frame.
2024-12-10 22:59:46,239 - POCTrackGeneratorLogger - DEBUG - Detected 3 faces in current frame.
2024-12-10 22:59:46,261 - POCTrackGeneratorLogger - DEBUG - Detected 3 faces in current frame.
2024-12-10 22:59:46,281 - POCTrackGeneratorLogger - DEBUG - Detected 3 faces in current frame.
2024-12-10 22:59:46,305 - POCTrackGeneratorLogger - DEBUG - Detected 3 faces in current frame.
2024-12-10 22:59:46,327 - POCTrackGeneratorLogger - DEBUG - Detected 3 faces in current frame.
2024-12-10 22:59:46,348 - POCTrackGeneratorLogger - DEBUG - Detected 3 faces in current frame.
2024-12-10 22:59:46,369 - POCTrackGeneratorLogger - DEBUG - Detected 3 faces in current frame.
2024-12-10 22:59:46,394 - POCTrackGeneratorLogger - DEBUG - Detected 3 faces in current frame.
2024-12-10 22:59:46,416 - POCTrackGeneratorLogger - DEBUG - Detected 3 faces in current frame.
2024-12-10 22:59:46,438 - POCTrackGeneratorLogger - DEBUG - Detected 3 faces in current frame.
2024-12-10 22:59:46,458 - POCTrackGeneratorLogger - DEBUG - Detected 3 faces in current frame.
2024-12-10 22:59:46,480 - POCTrackGeneratorLogger - DEBUG - Detected 3 faces in current frame.
2024-12-10 22:59:46,503 - POCTrackGeneratorLogger - DEBUG - Detected 3 faces in current frame.
2024-12-10 22:59:46,524 - POCTrackGeneratorLogger - DEBUG - Detected 3 faces in current frame.
2024-12-10 22:59:46,548 - POCTrackGeneratorLogger - DEBUG - Detected 3 faces in current frame.
2024-12-10 22:59:46,569 - POCTrackGeneratorLogger - DEBUG - Detected 3 faces in current frame.
2024-12-10 22:59:46,591 - POCTrackGeneratorLogger - DEBUG - Detected 3 faces in current frame.
2024-12-10 22:59:46,614 - POCTrackGeneratorLogger - DEBUG - Detected 3 faces in current frame.
2024-12-10 22:59:46,616 - POCTrackGeneratorLogger - DEBUG - Applied median filter to bounding boxes.
2024-12-10 22:59:46,620 - POCTrackGeneratorLogger - DEBUG - Saved audio segment for Track 1 to output/9DecCUBS18/track_1_subtrack_4/audio.wav.
2024-12-10 22:59:46,633 - POCTrackGeneratorLogger - DEBUG - Completed displaying a batch of frames.
2024-12-10 22:59:46,657 - POCTrackGeneratorLogger - DEBUG - Frames directory: output/9DecCUBS18/temp_track_1_4/cropped_frames
2024-12-10 22:59:46,848 - POCTrackGeneratorLogger - DEBUG - Number of confidence scores returned: 30
2024-12-10 22:59:46,848 - POCTrackGeneratorLogger - INFO - Time taken to run one batch of TalkNet evaluation: 0.228 seconds (227.878 milliseconds)
2024-12-10 22:59:46,851 - POCTrackGeneratorLogger - DEBUG - Annotated and saved frame 91.
2024-12-10 22:59:46,853 - POCTrackGeneratorLogger - DEBUG - Annotated and saved frame 92.
2024-12-10 22:59:46,855 - POCTrackGeneratorLogger - DEBUG - Annotated and saved frame 93.
2024-12-10 22:59:46,857 - POCTrackGeneratorLogger - DEBUG - Annotated and saved frame 94.
2024-12-10 22:59:46,859 - POCTrackGeneratorLogger - DEBUG - Annotated and saved frame 95.
2024-12-10 22:59:46,861 - POCTrackGeneratorLogger - DEBUG - Annotated and saved frame 96.
2024-12-10 22:59:46,863 - POCTrackGeneratorLogger - DEBUG - Annotated and saved frame 97.
2024-12-10 22:59:46,865 - POCTrackGeneratorLogger - DEBUG - Annotated and saved frame 98.
2024-12-10 22:59:46,867 - POCTrackGeneratorLogger - DEBUG - Annotated and saved frame 99.
2024-12-10 22:59:46,869 - POCTrackGeneratorLogger - DEBUG - Annotated and saved frame 100.
2024-12-10 22:59:46,871 - POCTrackGeneratorLogger - DEBUG - Annotated and saved frame 101.
2024-12-10 22:59:46,873 - POCTrackGeneratorLogger - DEBUG - Annotated and saved frame 102.
2024-12-10 22:59:46,876 - POCTrackGeneratorLogger - DEBUG - Annotated and saved frame 103.
2024-12-10 22:59:46,878 - POCTrackGeneratorLogger - DEBUG - Annotated and saved frame 104.
2024-12-10 22:59:46,880 - POCTrackGeneratorLogger - DEBUG - Annotated and saved frame 105.
2024-12-10 22:59:46,882 - POCTrackGeneratorLogger - DEBUG - Annotated and saved frame 106.
2024-12-10 22:59:46,884 - POCTrackGeneratorLogger - DEBUG - Annotated and saved frame 107.
2024-12-10 22:59:46,886 - POCTrackGeneratorLogger - DEBUG - Annotated and saved frame 108.
2024-12-10 22:59:46,888 - POCTrackGeneratorLogger - DEBUG - Annotated and saved frame 109.
2024-12-10 22:59:46,890 - POCTrackGeneratorLogger - DEBUG - Annotated and saved frame 110.
2024-12-10 22:59:46,892 - POCTrackGeneratorLogger - DEBUG - Annotated and saved frame 111.
2024-12-10 22:59:46,894 - POCTrackGeneratorLogger - DEBUG - Annotated and saved frame 112.
2024-12-10 22:59:46,896 - POCTrackGeneratorLogger - DEBUG - Annotated and saved frame 113.
2024-12-10 22:59:46,898 - POCTrackGeneratorLogger - DEBUG - Annotated and saved frame 114.
2024-12-10 22:59:46,900 - POCTrackGeneratorLogger - DEBUG - Annotated and saved frame 115.
2024-12-10 22:59:46,902 - POCTrackGeneratorLogger - DEBUG - Annotated and saved frame 116.
2024-12-10 22:59:46,904 - POCTrackGeneratorLogger - DEBUG - Annotated and saved frame 117.
2024-12-10 22:59:46,906 - POCTrackGeneratorLogger - DEBUG - Annotated and saved frame 118.
2024-12-10 22:59:46,909 - POCTrackGeneratorLogger - DEBUG - Annotated and saved frame 119.
2024-12-10 22:59:46,911 - POCTrackGeneratorLogger - DEBUG - Annotated and saved frame 120.
2024-12-10 22:59:46,911 - POCTrackGeneratorLogger - DEBUG - Enqueued a batch of 30 frames.
2024-12-10 22:59:46,911 - POCTrackGeneratorLogger - DEBUG - Display thread received a batch of 30 frames.
2024-12-10 22:59:46,930 - POCTrackGeneratorLogger - DEBUG - Detected 3 faces in current frame.
2024-12-10 22:59:46,951 - POCTrackGeneratorLogger - DEBUG - Detected 3 faces in current frame.
2024-12-10 22:59:46,973 - POCTrackGeneratorLogger - DEBUG - Detected 3 faces in current frame.
2024-12-10 22:59:46,995 - POCTrackGeneratorLogger - DEBUG - Detected 3 faces in current frame.
2024-12-10 22:59:47,016 - POCTrackGeneratorLogger - DEBUG - Detected 3 faces in current frame.
2024-12-10 22:59:47,039 - POCTrackGeneratorLogger - DEBUG - Detected 3 faces in current frame.
2024-12-10 22:59:47,061 - POCTrackGeneratorLogger - DEBUG - Detected 3 faces in current frame.
2024-12-10 22:59:47,082 - POCTrackGeneratorLogger - DEBUG - Detected 3 faces in current frame.
2024-12-10 22:59:47,102 - POCTrackGeneratorLogger - DEBUG - Detected 3 faces in current frame.
2024-12-10 22:59:47,125 - POCTrackGeneratorLogger - DEBUG - Detected 3 faces in current frame.
2024-12-10 22:59:47,147 - POCTrackGeneratorLogger - DEBUG - Detected 3 faces in current frame.
2024-12-10 22:59:47,168 - POCTrackGeneratorLogger - DEBUG - Detected 3 faces in current frame.
2024-12-10 22:59:47,191 - POCTrackGeneratorLogger - DEBUG - Detected 3 faces in current frame.
2024-12-10 22:59:47,223 - POCTrackGeneratorLogger - DEBUG - Detected 3 faces in current frame.
2024-12-10 22:59:47,248 - POCTrackGeneratorLogger - DEBUG - Detected 3 faces in current frame.
2024-12-10 22:59:47,270 - POCTrackGeneratorLogger - DEBUG - Detected 3 faces in current frame.
2024-12-10 22:59:47,292 - POCTrackGeneratorLogger - DEBUG - Detected 3 faces in current frame.
2024-12-10 22:59:47,313 - POCTrackGeneratorLogger - DEBUG - Detected 3 faces in current frame.
2024-12-10 22:59:47,334 - POCTrackGeneratorLogger - DEBUG - Detected 3 faces in current frame.
2024-12-10 22:59:47,356 - POCTrackGeneratorLogger - DEBUG - Detected 3 faces in current frame.
2024-12-10 22:59:47,378 - POCTrackGeneratorLogger - DEBUG - Detected 3 faces in current frame.
2024-12-10 22:59:47,402 - POCTrackGeneratorLogger - DEBUG - Detected 3 faces in current frame.
2024-12-10 22:59:47,424 - POCTrackGeneratorLogger - DEBUG - Detected 3 faces in current frame.
2024-12-10 22:59:47,447 - POCTrackGeneratorLogger - DEBUG - Detected 3 faces in current frame.
2024-12-10 22:59:47,467 - POCTrackGeneratorLogger - DEBUG - Detected 3 faces in current frame.
2024-12-10 22:59:47,488 - POCTrackGeneratorLogger - DEBUG - Detected 3 faces in current frame.
2024-12-10 22:59:47,508 - POCTrackGeneratorLogger - DEBUG - Detected 3 faces in current frame.
2024-12-10 22:59:47,528 - POCTrackGeneratorLogger - DEBUG - Detected 2 faces in current frame.
2024-12-10 22:59:47,547 - POCTrackGeneratorLogger - DEBUG - Detected 2 faces in current frame.
2024-12-10 22:59:47,568 - POCTrackGeneratorLogger - DEBUG - Detected 2 faces in current frame.
2024-12-10 22:59:47,572 - POCTrackGeneratorLogger - DEBUG - Applied median filter to bounding boxes.
2024-12-10 22:59:47,572 - POCTrackGeneratorLogger - DEBUG - Applied median filter to bounding boxes.
2024-12-10 22:59:47,572 - POCTrackGeneratorLogger - DEBUG - Applied median filter to bounding boxes.
2024-12-10 22:59:47,578 - POCTrackGeneratorLogger - DEBUG - Saved audio segment for Track 1 to output/9DecCUBS18/track_1_subtrack_5/audio.wav.
2024-12-10 22:59:47,588 - POCTrackGeneratorLogger - DEBUG - Saved audio segment for Track 5 to output/9DecCUBS18/track_5_subtrack_1/audio.wav.
2024-12-10 22:59:47,590 - POCTrackGeneratorLogger - DEBUG - Saved audio segment for Track 6 to output/9DecCUBS18/track_6_subtrack_1/audio.wav.
2024-12-10 22:59:47,603 - POCTrackGeneratorLogger - DEBUG - Completed displaying a batch of frames.
2024-12-10 22:59:47,609 - POCTrackGeneratorLogger - DEBUG - Frames directory: output/9DecCUBS18/temp_track_1_5/cropped_frames
2024-12-10 22:59:47,621 - POCTrackGeneratorLogger - DEBUG - Frames directory: output/9DecCUBS18/temp_track_5_1/cropped_frames
2024-12-10 22:59:47,629 - POCTrackGeneratorLogger - DEBUG - Frames directory: output/9DecCUBS18/temp_track_6_1/cropped_frames
2024-12-10 22:59:47,644 - POCTrackGeneratorLogger - ERROR - Error during TalkNet evaluation for Track 5: array of sample points is empty
2024-12-10 22:59:47,645 - POCTrackGeneratorLogger - INFO - Time taken to run one batch of TalkNet evaluation: 0.056 seconds (56.251 milliseconds)
2024-12-10 22:59:47,714 - POCTrackGeneratorLogger - WARNING - Processing interrupted by user.
2024-12-10 22:59:47,898 - POCTrackGeneratorLogger - DEBUG - Number of confidence scores returned: 30
2024-12-10 22:59:47,899 - POCTrackGeneratorLogger - INFO - Time taken to run one batch of TalkNet evaluation: 0.321 seconds (320.719 milliseconds)
2024-12-10 22:59:47,899 - POCTrackGeneratorLogger - DEBUG - Number of confidence scores returned: 30
2024-12-10 22:59:47,899 - POCTrackGeneratorLogger - INFO - Time taken to run one batch of TalkNet evaluation: 0.309 seconds (309.324 milliseconds)
2024-12-10 22:59:47,902 - POCTrackGeneratorLogger - DEBUG - Annotated and saved frame 121.
2024-12-10 22:59:47,904 - POCTrackGeneratorLogger - DEBUG - Annotated and saved frame 122.
2024-12-10 22:59:47,906 - POCTrackGeneratorLogger - DEBUG - Annotated and saved frame 123.
2024-12-10 22:59:47,909 - POCTrackGeneratorLogger - DEBUG - Annotated and saved frame 124.
2024-12-10 22:59:47,911 - POCTrackGeneratorLogger - DEBUG - Annotated and saved frame 125.
2024-12-10 22:59:47,914 - POCTrackGeneratorLogger - DEBUG - Annotated and saved frame 126.
2024-12-10 22:59:47,916 - POCTrackGeneratorLogger - DEBUG - Annotated and saved frame 127.
2024-12-10 22:59:47,918 - POCTrackGeneratorLogger - DEBUG - Annotated and saved frame 128.
2024-12-10 22:59:47,921 - POCTrackGeneratorLogger - DEBUG - Annotated and saved frame 129.
2024-12-10 22:59:47,923 - POCTrackGeneratorLogger - DEBUG - Annotated and saved frame 130.
2024-12-10 22:59:47,925 - POCTrackGeneratorLogger - DEBUG - Annotated and saved frame 131.
2024-12-10 22:59:47,927 - POCTrackGeneratorLogger - DEBUG - Annotated and saved frame 132.
2024-12-10 22:59:47,930 - POCTrackGeneratorLogger - DEBUG - Annotated and saved frame 133.
2024-12-10 22:59:47,932 - POCTrackGeneratorLogger - DEBUG - Annotated and saved frame 134.
2024-12-10 22:59:47,934 - POCTrackGeneratorLogger - DEBUG - Annotated and saved frame 135.
2024-12-10 22:59:47,937 - POCTrackGeneratorLogger - DEBUG - Annotated and saved frame 136.
2024-12-10 22:59:47,939 - POCTrackGeneratorLogger - DEBUG - Annotated and saved frame 137.
2024-12-10 22:59:47,941 - POCTrackGeneratorLogger - DEBUG - Annotated and saved frame 138.
2024-12-10 22:59:47,944 - POCTrackGeneratorLogger - DEBUG - Annotated and saved frame 139.
2024-12-10 22:59:47,947 - POCTrackGeneratorLogger - DEBUG - Annotated and saved frame 140.
2024-12-10 22:59:47,950 - POCTrackGeneratorLogger - DEBUG - Annotated and saved frame 141.
2024-12-10 22:59:47,952 - POCTrackGeneratorLogger - DEBUG - Annotated and saved frame 142.
2024-12-10 22:59:47,954 - POCTrackGeneratorLogger - DEBUG - Annotated and saved frame 143.
2024-12-10 22:59:47,957 - POCTrackGeneratorLogger - DEBUG - Annotated and saved frame 144.
2024-12-10 22:59:47,959 - POCTrackGeneratorLogger - DEBUG - Annotated and saved frame 145.
2024-12-10 22:59:47,961 - POCTrackGeneratorLogger - DEBUG - Annotated and saved frame 146.
2024-12-10 22:59:47,964 - POCTrackGeneratorLogger - DEBUG - Annotated and saved frame 147.
2024-12-10 22:59:47,966 - POCTrackGeneratorLogger - DEBUG - Annotated and saved frame 148.
2024-12-10 22:59:47,968 - POCTrackGeneratorLogger - DEBUG - Annotated and saved frame 149.
2024-12-10 22:59:47,971 - POCTrackGeneratorLogger - DEBUG - Annotated and saved frame 150.
2024-12-10 22:59:47,971 - POCTrackGeneratorLogger - DEBUG - Enqueued a batch of 30 frames.
2024-12-10 22:59:47,971 - POCTrackGeneratorLogger - DEBUG - Display thread received a batch of 30 frames.
2024-12-10 22:59:47,990 - POCTrackGeneratorLogger - DEBUG - Detected 2 faces in current frame.
2024-12-10 22:59:48,009 - POCTrackGeneratorLogger - DEBUG - Detected 2 faces in current frame.
2024-12-10 22:59:48,029 - POCTrackGeneratorLogger - DEBUG - Detected 2 faces in current frame.
2024-12-10 22:59:48,049 - POCTrackGeneratorLogger - DEBUG - Detected 2 faces in current frame.
2024-12-10 22:59:48,068 - POCTrackGeneratorLogger - DEBUG - Detected 2 faces in current frame.
2024-12-10 22:59:48,088 - POCTrackGeneratorLogger - DEBUG - Detected 2 faces in current frame.
2024-12-10 22:59:48,109 - POCTrackGeneratorLogger - DEBUG - Detected 2 faces in current frame.
2024-12-10 22:59:48,129 - POCTrackGeneratorLogger - DEBUG - Detected 2 faces in current frame.
2024-12-10 22:59:48,151 - POCTrackGeneratorLogger - DEBUG - Detected 2 faces in current frame.
2024-12-10 22:59:48,172 - POCTrackGeneratorLogger - DEBUG - Detected 2 faces in current frame.
2024-12-10 22:59:48,192 - POCTrackGeneratorLogger - DEBUG - Detected 2 faces in current frame.
2024-12-10 22:59:48,212 - POCTrackGeneratorLogger - DEBUG - Detected 2 faces in current frame.
2024-12-10 22:59:48,232 - POCTrackGeneratorLogger - DEBUG - Detected 2 faces in current frame.
2024-12-10 22:59:48,252 - POCTrackGeneratorLogger - DEBUG - Detected 2 faces in current frame.
2024-12-10 22:59:48,273 - POCTrackGeneratorLogger - DEBUG - Detected 2 faces in current frame.
2024-12-10 22:59:48,293 - POCTrackGeneratorLogger - DEBUG - Detected 2 faces in current frame.
2024-12-10 22:59:48,313 - POCTrackGeneratorLogger - DEBUG - Detected 2 faces in current frame.
2024-12-10 22:59:48,335 - POCTrackGeneratorLogger - DEBUG - Detected 2 faces in current frame.
2024-12-10 22:59:48,357 - POCTrackGeneratorLogger - DEBUG - Detected 2 faces in current frame.
2024-12-10 22:59:48,378 - POCTrackGeneratorLogger - DEBUG - Detected 2 faces in current frame.
2024-12-10 22:59:48,399 - POCTrackGeneratorLogger - DEBUG - Detected 2 faces in current frame.
2024-12-10 22:59:48,421 - POCTrackGeneratorLogger - DEBUG - Detected 2 faces in current frame.
2024-12-10 22:59:48,443 - POCTrackGeneratorLogger - DEBUG - Detected 2 faces in current frame.
